
              # pre_catch
 436120.7994583886 52964.0377637204 33160.5256436557 1044240.1827313794 1931523.4247832377 1924357.3618319121 838439.4013280887 435369.3633623087 219221.0150035758 226982.6891612094 279519.4554310107 246941.7979248924 389626.0827904748 722669.4335935775 545065.5559513413 629817.1415005343 824148.3097099008 660647.0622607907 655930.6819648668 932514.2589604768 637303.5986148128 104597.1432375040 304877.0630910330 450443.9847542916 389061.4880555096 69601.0000673515 24719.5660208347
 414.6267382466 588.6056693230 431.3274407471 523.9067569636 650.4075608239 459.6788398434 471.2500585373 628.7590952271 342.6881779635 92.7778102890 256.5903555612 402.8005966961 361.5169294624 44.8055915945 13.4846432536 0.0211976440 0.0211974807 0.2148109383
 3.5347548282 1.9950242990 1.5415829624 0.3179761655 0.6347879874 0.4998936656 0.4999169394 0.5000022309 0.4999349474 0.4999380153 0.5005717999 0.7272188317 1.0002029889 0.0910049972 0.5001228236 2.8162398298 0.0450033715 0.2721131965 0.6386677727 0.3602548226 0.1700548932 0.0110002567 0.1630835469 0.0100003472 0.0100003486 0.2291768221 0.0480069980 0.0009999994 0.0299998874 0.0009999999
 0.0449996715 2.2672124939 0.4999725864 0.0909987800 0.1359939192 0.0449994615 0.1809931959 0.9070045881 1.3606987953 0.4999612569 0.8630623226 0.4082401936 1.1357759894 0.6351521229 0.5901068770 1.4517044779 75.4072601720 6.6643089292 7.5806015421 9.6783071479 0.7967528911 0.7397251180 0.3412285843 0.4905217904 0.7121039686 1.6356216130 6.0030054853 1.2234142999 1.1239012387 0.6709783057

               # pre_cpue
 7709.3102156306 9507.2002744753 13084.9095267518 14098.8575341749 12774.0241012763 9515.8585968968 5253.6819770139 4326.2635112198 4025.9005070190 4547.9831971475 4885.7546064540 6361.4515691640 7296.3992480351 8099.7238871586 7922.6766009548 8653.9801381976 8356.7537185483 7974.3775819162 7644.2317682287 7208.6977541712 5291.4157658616 2020.7675055018 2192.4973952583 2331.6983442837 2291.1436683143 2251.3526619827 2174.7346883784 2258.0720426271 2575.9516448606 2802.4547680178 3159.8109486195 3493.2855184944 3430.5152299971 3010.4865949831 2124.5339232040 1463.4068386585 1509.8684936185 1360.6168259666 1360.6872418548 1338.6286551706 1306.9178100987 1341.5563583484 1555.4211626345 18211.2070438274 11758.5416050011 5241.1748440733 4672.0576670450 6408.3776782285 8201.3066702539 3329.7748786747 3098.9004469380 2975.4131162068 2899.2150583760 2814.0766569396
#--------------------------------------------------------------------------------------------
# Size_data_summary1
#Year Season Fleet  Sex  Type  Shell  Maturity  Nsamp  DataVec_(obs) DataVec_(pred)
1990 3 1 1 0 0 0 15 0 15.0000000000    0.1133113311 0.3933393339 0.4933493349    0.2059838776 0.3099875173 0.4840286050
1991 3 1 1 0 0 0 25 0 25.0000000000    0.1329132913 0.1768176818 0.6902690269    0.2025279055 0.2516240963 0.5458479982
1992 3 1 1 0 0 0 25 0 25.0000000000    0.1905190519 0.2677267727 0.5417541754    0.2168512804 0.2338830147 0.5492657049
1993 3 1 1 0 0 0 25 0 25.0000000000    0.2807000000 0.2097000000 0.5096000000    0.2319063363 0.2331139741 0.5349796896
1994 3 1 1 0 0 0 25 0 25.0000000000    0.2942000000 0.2714000000 0.4344000000    0.1673322734 0.2722534039 0.5604143227
1995 3 1 1 0 0 0 25 0 25.0000000000    0.1478000000 0.2127000000 0.6395000000    0.1893500321 0.2270199526 0.5836300154
1996 3 1 1 0 0 0 25 0 25.0000000000    0.1595000000 0.2229000000 0.6176000000    0.1960831769 0.2287949657 0.5751218574
1997 3 1 1 0 0 0 25 0 25.0000000000    0.1818181818 0.2053205321 0.6128612861    0.1225685482 0.2718505244 0.6055809274
1998 3 1 1 0 0 0 25 0 25.0000000000    0.1927000000 0.2162000000 0.5911000000    0.1072078085 0.2348681896 0.6579240019
2009 3 1 1 0 0 0 50 0 50.0000000000    0.1413000000 0.3235000000 0.5352000000    0.1865769645 0.2836405442 0.5297824912
2010 3 1 1 0 0 0 50 0 50.0000000000    0.1314000000 0.3152000000 0.5534000000    0.1725320327 0.2827837290 0.5446842383
2011 3 1 1 0 0 0 50 0 50.0000000000    0.1313868613 0.3050694931 0.5635436456    0.1634957533 0.3039186197 0.5325856270
2012 3 1 1 0 0 0 50 0 50.0000000000    0.1416858314 0.3177682232 0.5405459454    0.1198150516 0.3478202670 0.5323646814
2014 3 1 1 0 0 0 50 0 50.0000000000    0.0939000000 0.2275000000 0.6786000000    0.1380780059 0.2496890770 0.6122329171
2015 3 1 1 0 0 0 50 0 50.0000000000    0.1148114811 0.2518251825 0.6333633363    0.1177182077 0.2299131022 0.6523686901
1978 1 4 1 0 0 0 50 0 50.0000000000    0.3865000000 0.3478000000 0.2657000000    0.3938122541 0.3466493154 0.2595384305
1979 1 4 1 0 0 0 50 0 50.0000000000    0.4281000000 0.3190000000 0.2529000000    0.4103986209 0.3153450464 0.2742563328
1980 1 4 1 0 0 0 50 0 50.0000000000    0.3588000000 0.3220000000 0.3192000000    0.3053005089 0.3508032220 0.3438962691
1981 1 4 1 0 0 0 50 0 50.0000000000    0.1219000000 0.3065000000 0.5716000000    0.1217964101 0.3727314918 0.5054720981
1982 1 4 1 0 0 0 50 0 50.0000000000    0.1671167117 0.2435243524 0.5893589359    0.1586373602 0.2482778617 0.5930847781
1983 1 4 1 0 0 0 50 0 50.0000000000    0.1752000000 0.2726000000 0.5522000000    0.1136495090 0.2819165663 0.6044339247
1984 1 4 1 0 0 0 50 0 50.0000000000    0.1823000000 0.2085000000 0.6092000000    0.1536691617 0.2762403231 0.5700905152
1985 1 4 1 0 0 0 46 0 46.5000000000    0.2023000000 0.2010000000 0.5967000000    0.2630206544 0.2437802248 0.4931991208
1986 1 4 1 0 0 0 23 0 23.0000000000    0.1984000000 0.4364000000 0.3652000000    0.3588223604 0.2554803498 0.3856972898
1987 1 4 1 0 0 0 35 0 35.5000000000    0.1944000000 0.3779000000 0.4277000000    0.3114260802 0.3182994026 0.3702745172
1988 1 4 1 0 0 0 40 0 40.5000000000    0.1879000000 0.3737000000 0.4384000000    0.2736806330 0.3215311021 0.4047882649
1989 1 4 1 0 0 0 50 0 50.0000000000    0.4245575442 0.2258774123 0.3495650435    0.4591424259 0.2229781739 0.3178794002
1990 1 4 1 0 0 0 50 0 50.0000000000    0.2380000000 0.2332000000 0.5288000000    0.2680852608 0.3879279419 0.3439867973
1991 1 4 1 0 0 0 50 0 50.0000000000    0.2274000000 0.3300000000 0.4426000000    0.2659776853 0.3184961591 0.4155261555
1992 1 4 1 0 0 0 50 0 50.0000000000    0.2263000000 0.2911000000 0.4826000000    0.2904606903 0.3014116043 0.4081277054
1993 1 4 1 0 0 0 50 0 50.0000000000    0.2296000000 0.2759000000 0.4945000000    0.3060860089 0.2962070711 0.3977069200
1994 1 4 1 0 0 0 50 0 50.0000000000    0.1989000000 0.2926000000 0.5085000000    0.2203900693 0.3457945365 0.4338153942
1995 1 4 1 0 0 0 50 0 50.0000000000    0.2592740726 0.3004699530 0.4402559744    0.2560574186 0.2956493965 0.4482931849
1996 1 4 1 0 0 0 50 0 50.0000000000    0.1998000000 0.3054000000 0.4948000000    0.2632006142 0.2958226917 0.4409766941
1997 1 4 1 0 0 0 50 0 50.0000000000    0.1622162216 0.3102310231 0.5275527553    0.1604620830 0.3440639505 0.4954739665
1998 1 4 1 0 0 0 50 0 50.0000000000    0.1276127613 0.3212321232 0.5511551155    0.1450504940 0.3070169414 0.5479325645
1999 1 4 1 0 0 0 26 0 26.0000000000    0.2224000000 0.2214000000 0.5562000000    0.2210879347 0.2538107031 0.5251013622
2000 1 4 1 0 0 0 30 0 30.5000000000    0.2154215422 0.2180218022 0.5665566557    0.2264205103 0.2370467200 0.5365327698
2001 1 4 1 0 0 0 45 0 45.5000000000    0.2253000000 0.2699000000 0.5048000000    0.1979471833 0.2440904277 0.5579623890
2002 1 4 1 0 0 0 19 0 19.0000000000    0.1127000000 0.2346000000 0.6527000000    0.0761721100 0.2599082086 0.6639196815
2003 1 4 1 0 0 0 32 0 32.5000000000    0.3762000000 0.2345000000 0.3893000000    0.1721176986 0.1455325696 0.6823497318
2004 1 4 1 0 0 0 24 0 24.0000000000    0.2488248825 0.1848184818 0.5663566357    0.1159386362 0.1921154880 0.6919458757
2005 1 4 1 0 0 0 21 0 21.0000000000    0.2825000000 0.2744000000 0.4431000000    0.2609710040 0.1365707783 0.6024582177
2006 1 4 1 0 0 0 50 0 50.0000000000    0.3276000000 0.2293000000 0.4431000000    0.3157087278 0.2013343695 0.4829569027
2007 1 4 1 0 0 0 50 0 50.0000000000    0.4394000000 0.3525000000 0.2081000000    0.1782341245 0.3040922633 0.5176736122
2008 1 4 1 0 0 0 50 0 50.0000000000    0.3745000000 0.2219000000 0.4036000000    0.3099377259 0.1988744527 0.4911878215
2009 1 4 1 0 0 0 50 0 50.0000000000    0.3057000000 0.4202000000 0.2741000000    0.2301515473 0.2801177439 0.4897307088
2010 1 4 1 0 0 0 50 0 50.0000000000    0.4081000000 0.3371000000 0.2548000000    0.2041146080 0.2700823010 0.5258030910
2011 1 4 1 0 0 0 50 0 50.0000000000    0.2179000000 0.3940000000 0.3881000000    0.1824538632 0.2768384492 0.5407076876
2012 1 4 1 0 0 0 50 0 50.0000000000    0.1573000000 0.4393000000 0.4034000000    0.1298656720 0.3098287787 0.5603055493
2013 1 4 1 0 0 0 37 0 37.0000000000    0.2100210021 0.2834283428 0.5065506551    0.2090675629 0.2650131368 0.5259193003
2014 1 4 1 0 0 0 50 0 50.0000000000    0.1738000000 0.3912000000 0.4350000000    0.1714715599 0.2486697691 0.5798586709
2015 1 4 1 0 0 0 50 0 50.0000000000    0.2340000000 0.2994000000 0.4666000000    0.1509342237 0.2355208155 0.6135449608
2016 1 4 1 0 0 0 50 0 50.0000000000    0.2255000000 0.2780000000 0.4965000000    0.1631590656 0.2017126683 0.6351282661
2017 1 4 1 0 0 0 21 0 21.0000000000    0.0849000000 0.2994000000 0.6157000000    0.1319272906 0.2014911068 0.6665816026
2018 1 4 1 0 0 0 31 0 31.0000000000    0.1475000000 0.2219000000 0.6306000000    0.1464149497 0.1735892279 0.6799958224
2019 1 4 1 0 0 0 50 0 50.0000000000    0.1961196120 0.2346234623 0.5692569257    0.2312989949 0.1578749719 0.6108260332
2021 1 4 1 0 0 0 50 0 50.0000000000    0.3323000000 0.1320000000 0.5357000000    0.3318861624 0.1658576689 0.5022561687
1995 1 5 1 0 0 0 100 0 100.0000000000    0.1593840616 0.2655734427 0.5750424958    0.1772128524 0.3064637762 0.5163233713
1998 1 5 1 0 0 0 100 0 100.0000000000    0.0769000000 0.2205000000 0.7026000000    0.0956323118 0.3031740892 0.6011935991
2001 1 5 1 0 0 0 100 0 100.0000000000    0.1493149315 0.2049204920 0.6457645765    0.1326642966 0.2450190093 0.6223166941
2004 1 5 1 0 0 0 100 0 100.0000000000    0.0671932807 0.2483751625 0.6844315568    0.0745485718 0.1850196339 0.7404317943
2007 1 5 1 0 0 0 100 0 100.0000000000    0.1257000000 0.3148000000 0.5595000000    0.1192043177 0.3046146586 0.5761810237
2010 1 5 1 0 0 0 100 0 100.0000000000    0.1299000000 0.3209000000 0.5492000000    0.1375742213 0.2726486801 0.5897770986
2013 1 5 1 0 0 0 100 0 100.0000000000    0.1556000000 0.2477000000 0.5967000000    0.1411452383 0.2679731466 0.5908816152
2015 1 5 1 0 0 0 100 0 100.0000000000    0.0706282513 0.2431972789 0.6861744698    0.0989899871 0.2313540664 0.6696559465
2016 1 5 1 0 0 0 100 0 100.0000000000    0.0832000000 0.1917000000 0.7251000000    0.1071828972 0.1984685769 0.6943485259
2017 1 5 1 0 0 0 100 0 100.0000000000    0.1048000000 0.2540000000 0.6412000000    0.0854988699 0.1955806622 0.7189204679
2018 1 5 1 0 0 0 100 0 100.0000000000    0.1020100000 0.2161100000 0.6818800000    0.0951951488 0.1690427171 0.7357621341
#--------------------------------------------------------------------------------------------
# Size_data_summary2
#Year, Seas, Fleet,  Sex,  Type, Shell,  Maturity, Nsamp,  DataVec (obs), DataVec (pred)
 0.2059838776 0.3099875173 0.4840286050
 0.2025279055 0.2516240963 0.5458479982
 0.2168512804 0.2338830147 0.5492657049
 0.2319063363 0.2331139741 0.5349796896
 0.1673322734 0.2722534039 0.5604143227
 0.1893500321 0.2270199526 0.5836300154
 0.1960831769 0.2287949657 0.5751218574
 0.1225685482 0.2718505244 0.6055809274
 0.1072078085 0.2348681896 0.6579240019
 0.1865769645 0.2836405442 0.5297824912
 0.1725320327 0.2827837290 0.5446842383
 0.1634957533 0.3039186197 0.5325856270
 0.1198150516 0.3478202670 0.5323646814
 0.1380780059 0.2496890770 0.6122329171
 0.1177182077 0.2299131022 0.6523686901
 0.3938122541 0.3466493154 0.2595384305
 0.4103986209 0.3153450464 0.2742563328
 0.3053005089 0.3508032220 0.3438962691
 0.1217964101 0.3727314918 0.5054720981
 0.1586373602 0.2482778617 0.5930847781
 0.1136495090 0.2819165663 0.6044339247
 0.1536691617 0.2762403231 0.5700905152
 0.2630206544 0.2437802248 0.4931991208
 0.3588223604 0.2554803498 0.3856972898
 0.3114260802 0.3182994026 0.3702745172
 0.2736806330 0.3215311021 0.4047882649
 0.4591424259 0.2229781739 0.3178794002
 0.2680852608 0.3879279419 0.3439867973
 0.2659776853 0.3184961591 0.4155261555
 0.2904606903 0.3014116043 0.4081277054
 0.3060860089 0.2962070711 0.3977069200
 0.2203900693 0.3457945365 0.4338153942
 0.2560574186 0.2956493965 0.4482931849
 0.2632006142 0.2958226917 0.4409766941
 0.1604620830 0.3440639505 0.4954739665
 0.1450504940 0.3070169414 0.5479325645
 0.2210879347 0.2538107031 0.5251013622
 0.2264205103 0.2370467200 0.5365327698
 0.1979471833 0.2440904277 0.5579623890
 0.0761721100 0.2599082086 0.6639196815
 0.1721176986 0.1455325696 0.6823497318
 0.1159386362 0.1921154880 0.6919458757
 0.2609710040 0.1365707783 0.6024582177
 0.3157087278 0.2013343695 0.4829569027
 0.1782341245 0.3040922633 0.5176736122
 0.3099377259 0.1988744527 0.4911878215
 0.2301515473 0.2801177439 0.4897307088
 0.2041146080 0.2700823010 0.5258030910
 0.1824538632 0.2768384492 0.5407076876
 0.1298656720 0.3098287787 0.5603055493
 0.2090675629 0.2650131368 0.5259193003
 0.1714715599 0.2486697691 0.5798586709
 0.1509342237 0.2355208155 0.6135449608
 0.1631590656 0.2017126683 0.6351282661
 0.1319272906 0.2014911068 0.6665816026
 0.1464149497 0.1735892279 0.6799958224
 0.2312989949 0.1578749719 0.6108260332
 0.3318861624 0.1658576689 0.5022561687
 0.1772128524 0.3064637762 0.5163233713
 0.0956323118 0.3031740892 0.6011935991
 0.1326642966 0.2450190093 0.6223166941
 0.0745485718 0.1850196339 0.7404317943
 0.1192043177 0.3046146586 0.5761810237
 0.1375742213 0.2726486801 0.5897770986
 0.1411452383 0.2679731466 0.5908816152
 0.0989899871 0.2313540664 0.6696559465
 0.1071828972 0.1984685769 0.6943485259
 0.0854988699 0.1955806622 0.7189204679
 0.0951951488 0.1690427171 0.7357621341
