
              # pre_catch
 436120.7995508754 52964.0377654513 33160.5256499984 1044240.1828318037 1931523.4245284093 1924357.3617686667 838439.4013337985 435369.3633669527 219221.0150164557 226982.6891809016 279519.4554218681 246941.7979447216 389626.0828012912 722669.4335440994 545065.5559413201 629817.1414768746 824148.3096883766 660647.0622119354 655930.6818956849 932514.2589026705 637303.5984937823 104597.1432411737 304877.0630845481 450443.9847143515 389061.4880064163 69601.0000484931 24719.5660122030
 414.6267395550 588.6056693926 431.3274406315 523.9067571834 650.4075609207 459.6788397224 471.2500586164 628.7590953333 342.6881774676 92.7778102494 256.5903557031 402.8005963256 361.5169293522 44.8055916086 13.4846432400 0.0211976440 0.0211974807 0.2148109385
 3.5347548249 1.9950242976 1.5415829615 0.3179761656 0.6347879874 0.4998936658 0.4999169388 0.5000022306 0.4999349473 0.4999380155 0.5005717997 0.7272188313 1.0002029871 0.0910049972 0.5001228234 2.8162398288 0.0450033715 0.2721131963 0.6386677718 0.3602548226 0.1700548931 0.0110002567 0.1630835468 0.0100003472 0.0100003486 0.2291768217 0.0480069980 0.0009999994 0.0299998874 0.0009999999
 0.0449996715 2.2672124950 0.4999725863 0.0909987801 0.1359939192 0.0449994616 0.1809931958 0.9070045882 1.3606987952 0.4999612562 0.8630623215 0.4082401937 1.1357759895 0.6351521230 0.5901068771 1.4517044789 75.4072601364 6.6643089261 7.5806015467 9.6783071387 0.7967528908 0.7397251187 0.3412285842 0.4905217897 0.7121039671 1.6356216113 6.0030054816 1.2234142993 1.1239012380 0.6709783056

               # pre_cpue
 7709.3101836415 9507.2002460909 13084.9095072608 14098.8575187927 12774.0240896513 9515.8585880150 5253.6819694249 4326.2635013914 4025.9004983884 4547.9831880398 4885.7545961417 6361.4515609595 7296.3992453001 8099.7238832259 7922.6765978415 8653.9801355882 8356.7537177655 7974.3775810084 7644.2317695850 7208.6977569100 5291.4157685710 2020.7675050072 2192.4973941312 2331.6983441109 2291.1436689881 2251.3526618450 2174.7346876573 2258.0720432619 2575.9516461085 2802.4547691434 3159.8109475931 3493.2855186203 3430.5152298157 3010.4865952946 2124.5339236738 1463.4068394578 1509.8684945911 1360.6168268511 1360.6872425594 1338.6286557624 1306.9178104335 1341.5563589635 1555.4211651818 18211.2070568490 11758.5416154174 5241.1748476767 4672.0576662910 6408.3776838499 8201.3066754474 3329.7748825945 3098.9004503040 2975.4131189918 2899.2150606874 2814.0766587340
#--------------------------------------------------------------------------------------------
# Size_data_summary1
# Year, Seas, Fleet,  Sex,  Type, Shell,  Maturity, Nsamp,  DataVec (obs), DataVec (pred)
1990 3 1 1 0 0 0 15 0 15.0000000000    0.1133113311 0.3933393339 0.4933493349    0.2059838776 0.3099875181 0.4840286043
1991 3 1 1 0 0 0 25 0 25.0000000000    0.1329132913 0.1768176818 0.6902690269    0.2025279050 0.2516240968 0.5458479983
1992 3 1 1 0 0 0 25 0 25.0000000000    0.1905190519 0.2677267727 0.5417541754    0.2168512805 0.2338830146 0.5492657049
1993 3 1 1 0 0 0 25 0 25.0000000000    0.2807000000 0.2097000000 0.5096000000    0.2319063361 0.2331139743 0.5349796896
1994 3 1 1 0 0 0 25 0 25.0000000000    0.2942000000 0.2714000000 0.4344000000    0.1673322733 0.2722534041 0.5604143226
1995 3 1 1 0 0 0 25 0 25.0000000000    0.1478000000 0.2127000000 0.6395000000    0.1893500318 0.2270199527 0.5836300155
1996 3 1 1 0 0 0 25 0 25.0000000000    0.1595000000 0.2229000000 0.6176000000    0.1960831771 0.2287949656 0.5751218573
1997 3 1 1 0 0 0 25 0 25.0000000000    0.1818181818 0.2053205321 0.6128612861    0.1225685478 0.2718505247 0.6055809274
1998 3 1 1 0 0 0 25 0 25.0000000000    0.1927000000 0.2162000000 0.5911000000    0.1072078084 0.2348681895 0.6579240022
2009 3 1 1 0 0 0 50 0 50.0000000000    0.1413000000 0.3235000000 0.5352000000    0.1865769652 0.2836405436 0.5297824912
2010 3 1 1 0 0 0 50 0 50.0000000000    0.1314000000 0.3152000000 0.5534000000    0.1725320321 0.2827837297 0.5446842383
2011 3 1 1 0 0 0 50 0 50.0000000000    0.1313868613 0.3050694931 0.5635436456    0.1634957536 0.3039186192 0.5325856272
2012 3 1 1 0 0 0 50 0 50.0000000000    0.1416858314 0.3177682232 0.5405459454    0.1198150511 0.3478202674 0.5323646816
2014 3 1 1 0 0 0 50 0 50.0000000000    0.0939000000 0.2275000000 0.6786000000    0.1380780058 0.2496890773 0.6122329170
2015 3 1 1 0 0 0 50 0 50.0000000000    0.1148114811 0.2518251825 0.6333633363    0.1177182074 0.2299131023 0.6523686903
1978 1 4 1 0 0 0 50 0 50.0000000000    0.3865000000 0.3478000000 0.2657000000    0.3938122544 0.3466493152 0.2595384304
1979 1 4 1 0 0 0 50 0 50.0000000000    0.4281000000 0.3190000000 0.2529000000    0.4103986214 0.3153450465 0.2742563321
1980 1 4 1 0 0 0 50 0 50.0000000000    0.3588000000 0.3220000000 0.3192000000    0.3053005094 0.3508032224 0.3438962682
1981 1 4 1 0 0 0 50 0 50.0000000000    0.1219000000 0.3065000000 0.5716000000    0.1217964091 0.3727314930 0.5054720979
1982 1 4 1 0 0 0 50 0 50.0000000000    0.1671167117 0.2435243524 0.5893589359    0.1586373608 0.2482778613 0.5930847779
1983 1 4 1 0 0 0 50 0 50.0000000000    0.1752000000 0.2726000000 0.5522000000    0.1136495085 0.2819165672 0.6044339243
1984 1 4 1 0 0 0 50 0 50.0000000000    0.1823000000 0.2085000000 0.6092000000    0.1536691615 0.2762403233 0.5700905152
1985 1 4 1 0 0 0 46 0 46.5000000000    0.2023000000 0.2010000000 0.5967000000    0.2630206537 0.2437802252 0.4931991211
1986 1 4 1 0 0 0 23 0 23.0000000000    0.1984000000 0.4364000000 0.3652000000    0.3588223609 0.2554803496 0.3856972895
1987 1 4 1 0 0 0 35 0 35.5000000000    0.1944000000 0.3779000000 0.4277000000    0.3114260795 0.3182994035 0.3702745170
1988 1 4 1 0 0 0 40 0 40.5000000000    0.1879000000 0.3737000000 0.4384000000    0.2736806325 0.3215311024 0.4047882651
1989 1 4 1 0 0 0 50 0 50.0000000000    0.4245575442 0.2258774123 0.3495650435    0.4591424266 0.2229781736 0.3178793998
1990 1 4 1 0 0 0 50 0 50.0000000000    0.2380000000 0.2332000000 0.5288000000    0.2680852605 0.3879279428 0.3439867968
1991 1 4 1 0 0 0 50 0 50.0000000000    0.2274000000 0.3300000000 0.4426000000    0.2659776845 0.3184961597 0.4155261558
1992 1 4 1 0 0 0 50 0 50.0000000000    0.2263000000 0.2911000000 0.4826000000    0.2904606902 0.3014116042 0.4081277056
1993 1 4 1 0 0 0 50 0 50.0000000000    0.2296000000 0.2759000000 0.4945000000    0.3060860084 0.2962070714 0.3977069201
1994 1 4 1 0 0 0 50 0 50.0000000000    0.1989000000 0.2926000000 0.5085000000    0.2203900690 0.3457945367 0.4338153943
1995 1 4 1 0 0 0 50 0 50.0000000000    0.2592740726 0.3004699530 0.4402559744    0.2560574181 0.2956493967 0.4482931852
1996 1 4 1 0 0 0 50 0 50.0000000000    0.1998000000 0.3054000000 0.4948000000    0.2632006142 0.2958226917 0.4409766941
1997 1 4 1 0 0 0 50 0 50.0000000000    0.1622162216 0.3102310231 0.5275527553    0.1604620824 0.3440639510 0.4954739666
1998 1 4 1 0 0 0 50 0 50.0000000000    0.1276127613 0.3212321232 0.5511551155    0.1450504938 0.3070169413 0.5479325649
1999 1 4 1 0 0 0 26 0 26.0000000000    0.2224000000 0.2214000000 0.5562000000    0.2210879338 0.2538107032 0.5251013630
2000 1 4 1 0 0 0 30 0 30.5000000000    0.2154215422 0.2180218022 0.5665566557    0.2264205099 0.2370467197 0.5365327704
2001 1 4 1 0 0 0 45 0 45.5000000000    0.2253000000 0.2699000000 0.5048000000    0.1979471838 0.2440904274 0.5579623887
2002 1 4 1 0 0 0 19 0 19.0000000000    0.1127000000 0.2346000000 0.6527000000    0.0761721097 0.2599082092 0.6639196811
2003 1 4 1 0 0 0 32 0 32.5000000000    0.3762000000 0.2345000000 0.3893000000    0.1721176976 0.1455325699 0.6823497325
2004 1 4 1 0 0 0 24 0 24.0000000000    0.2488248825 0.1848184818 0.5663566357    0.1159386358 0.1921154877 0.6919458765
2005 1 4 1 0 0 0 21 0 21.0000000000    0.2825000000 0.2744000000 0.4431000000    0.2609710050 0.1365707779 0.6024582171
2006 1 4 1 0 0 0 50 0 50.0000000000    0.3276000000 0.2293000000 0.4431000000    0.3157087270 0.2013343705 0.4829569025
2007 1 4 1 0 0 0 50 0 50.0000000000    0.4394000000 0.3525000000 0.2081000000    0.1782341237 0.3040922636 0.5176736127
2008 1 4 1 0 0 0 50 0 50.0000000000    0.3745000000 0.2219000000 0.4036000000    0.3099377249 0.1988744527 0.4911878224
2009 1 4 1 0 0 0 50 0 50.0000000000    0.3057000000 0.4202000000 0.2741000000    0.2301515478 0.2801177433 0.4897307089
2010 1 4 1 0 0 0 50 0 50.0000000000    0.4081000000 0.3371000000 0.2548000000    0.2041146070 0.2700823018 0.5258030912
2011 1 4 1 0 0 0 50 0 50.0000000000    0.2179000000 0.3940000000 0.3881000000    0.1824538633 0.2768384489 0.5407076878
2012 1 4 1 0 0 0 50 0 50.0000000000    0.1573000000 0.4393000000 0.4034000000    0.1298656712 0.3098287792 0.5603055496
2013 1 4 1 0 0 0 37 0 37.0000000000    0.2100210021 0.2834283428 0.5065506551    0.2090675630 0.2650131364 0.5259193006
2014 1 4 1 0 0 0 50 0 50.0000000000    0.1738000000 0.3912000000 0.4350000000    0.1714715596 0.2486697695 0.5798586710
2015 1 4 1 0 0 0 50 0 50.0000000000    0.2340000000 0.2994000000 0.4666000000    0.1509342232 0.2355208156 0.6135449611
2016 1 4 1 0 0 0 50 0 50.0000000000    0.2255000000 0.2780000000 0.4965000000    0.1631590651 0.2017126683 0.6351282666
2017 1 4 1 0 0 0 21 0 21.0000000000    0.0849000000 0.2994000000 0.6157000000    0.1319272903 0.2014911067 0.6665816030
2018 1 4 1 0 0 0 31 0 31.0000000000    0.1475000000 0.2219000000 0.6306000000    0.1464149492 0.1735892279 0.6799958229
2019 1 4 1 0 0 0 50 0 50.0000000000    0.1961196120 0.2346234623 0.5692569257    0.2312989952 0.1578749717 0.6108260332
2021 1 4 1 0 0 0 50 0 50.0000000000    0.3323000000 0.1320000000 0.5357000000    0.3318861627 0.1658576691 0.5022561682
1995 1 5 1 0 0 0 100 0 100.0000000000    0.1593840616 0.2655734427 0.5750424958    0.1772128528 0.3064637762 0.5163233711
1998 1 5 1 0 0 0 100 0 100.0000000000    0.0769000000 0.2205000000 0.7026000000    0.0956323120 0.3031740889 0.6011935991
2001 1 5 1 0 0 0 100 0 100.0000000000    0.1493149315 0.2049204920 0.6457645765    0.1326642975 0.2450190089 0.6223166936
2004 1 5 1 0 0 0 100 0 100.0000000000    0.0671932807 0.2483751625 0.6844315568    0.0745485718 0.1850196334 0.7404317947
2007 1 5 1 0 0 0 100 0 100.0000000000    0.1257000000 0.3148000000 0.5595000000    0.1192043176 0.3046146587 0.5761810237
2010 1 5 1 0 0 0 100 0 100.0000000000    0.1299000000 0.3209000000 0.5492000000    0.1375742211 0.2726486806 0.5897770983
2013 1 5 1 0 0 0 100 0 100.0000000000    0.1556000000 0.2477000000 0.5967000000    0.1411452390 0.2679731460 0.5908816151
2015 1 5 1 0 0 0 100 0 100.0000000000    0.0706282513 0.2431972789 0.6861744698    0.0989899872 0.2313540664 0.6696559464
2016 1 5 1 0 0 0 100 0 100.0000000000    0.0832000000 0.1917000000 0.7251000000    0.1071828974 0.1984685767 0.6943485259
2017 1 5 1 0 0 0 100 0 100.0000000000    0.1048000000 0.2540000000 0.6412000000    0.0854988701 0.1955806620 0.7189204679
2018 1 5 1 0 0 0 100 0 100.0000000000    0.1020100000 0.2161100000 0.6818800000    0.0951951489 0.1690427170 0.7357621341
#--------------------------------------------------------------------------------------------
# Size_data_summary2
# Year, Seas, Fleet,  Sex,  Type, Shell,  Maturity, Nsamp,  DataVec (obs), DataVec (pred)
 0.2059838776 0.3099875181 0.4840286043
 0.2025279050 0.2516240968 0.5458479983
 0.2168512805 0.2338830146 0.5492657049
 0.2319063361 0.2331139743 0.5349796896
 0.1673322733 0.2722534041 0.5604143226
 0.1893500318 0.2270199527 0.5836300155
 0.1960831771 0.2287949656 0.5751218573
 0.1225685478 0.2718505247 0.6055809274
 0.1072078084 0.2348681895 0.6579240022
 0.1865769652 0.2836405436 0.5297824912
 0.1725320321 0.2827837297 0.5446842383
 0.1634957536 0.3039186192 0.5325856272
 0.1198150511 0.3478202674 0.5323646816
 0.1380780058 0.2496890773 0.6122329170
 0.1177182074 0.2299131023 0.6523686903
 0.3938122544 0.3466493152 0.2595384304
 0.4103986214 0.3153450465 0.2742563321
 0.3053005094 0.3508032224 0.3438962682
 0.1217964091 0.3727314930 0.5054720979
 0.1586373608 0.2482778613 0.5930847779
 0.1136495085 0.2819165672 0.6044339243
 0.1536691615 0.2762403233 0.5700905152
 0.2630206537 0.2437802252 0.4931991211
 0.3588223609 0.2554803496 0.3856972895
 0.3114260795 0.3182994035 0.3702745170
 0.2736806325 0.3215311024 0.4047882651
 0.4591424266 0.2229781736 0.3178793998
 0.2680852605 0.3879279428 0.3439867968
 0.2659776845 0.3184961597 0.4155261558
 0.2904606902 0.3014116042 0.4081277056
 0.3060860084 0.2962070714 0.3977069201
 0.2203900690 0.3457945367 0.4338153943
 0.2560574181 0.2956493967 0.4482931852
 0.2632006142 0.2958226917 0.4409766941
 0.1604620824 0.3440639510 0.4954739666
 0.1450504938 0.3070169413 0.5479325649
 0.2210879338 0.2538107032 0.5251013630
 0.2264205099 0.2370467197 0.5365327704
 0.1979471838 0.2440904274 0.5579623887
 0.0761721097 0.2599082092 0.6639196811
 0.1721176976 0.1455325699 0.6823497325
 0.1159386358 0.1921154877 0.6919458765
 0.2609710050 0.1365707779 0.6024582171
 0.3157087270 0.2013343705 0.4829569025
 0.1782341237 0.3040922636 0.5176736127
 0.3099377249 0.1988744527 0.4911878224
 0.2301515478 0.2801177433 0.4897307089
 0.2041146070 0.2700823018 0.5258030912
 0.1824538633 0.2768384489 0.5407076878
 0.1298656712 0.3098287792 0.5603055496
 0.2090675630 0.2650131364 0.5259193006
 0.1714715596 0.2486697695 0.5798586710
 0.1509342232 0.2355208156 0.6135449611
 0.1631590651 0.2017126683 0.6351282666
 0.1319272903 0.2014911067 0.6665816030
 0.1464149492 0.1735892279 0.6799958229
 0.2312989952 0.1578749717 0.6108260332
 0.3318861627 0.1658576691 0.5022561682
 0.1772128528 0.3064637762 0.5163233711
 0.0956323120 0.3031740889 0.6011935991
 0.1326642975 0.2450190089 0.6223166936
 0.0745485718 0.1850196334 0.7404317947
 0.1192043176 0.3046146587 0.5761810237
 0.1375742211 0.2726486806 0.5897770983
 0.1411452390 0.2679731460 0.5908816151
 0.0989899872 0.2313540664 0.6696559464
 0.1071828974 0.1984685767 0.6943485259
 0.0854988701 0.1955806620 0.7189204679
 0.0951951489 0.1690427170 0.7357621341
