This is pdfTeX, Version 3.141592653-2.6-1.40.24 (TeX Live 2022) (preloaded format=pdflatex 2022.6.20)  7 JUL 2022 14:22
entering extended mode
 restricted \write18 enabled.
 %&-line parsing enabled.
**SAFE_snow_crab_TV_natural_mortality.tex
(./SAFE_snow_crab_TV_natural_mortality.tex
LaTeX2e <2022-06-01> patch level 1
L3 programming layer <2022-06-16> (c:/Users/Matthieu Verson/AppData/Roaming/TinyTeX/texmf-dist/tex/latex/base/article.cls
Document Class: article 2021/10/04 v1.4n Standard LaTeX document class
(c:/Users/Matthieu Verson/AppData/Roaming/TinyTeX/texmf-dist/tex/latex/base/size10.clo
File: size10.clo 2021/10/04 v1.4n Standard LaTeX file (size option)
)
\c@part=\count185
\c@section=\count186
\c@subsection=\count187
\c@subsubsection=\count188
\c@paragraph=\count189
\c@subparagraph=\count190
\c@figure=\count191
\c@table=\count192
\abovecaptionskip=\skip47
\belowcaptionskip=\skip48
\bibindent=\dimen138
) (c:/Users/Matthieu Verson/AppData/Roaming/TinyTeX/texmf-dist/tex/latex/amsmath/amsmath.sty
Package: amsmath 2022/04/08 v2.17n AMS math features
\@mathmargin=\skip49
For additional information on amsmath, use the `?' option.
(c:/Users/Matthieu Verson/AppData/Roaming/TinyTeX/texmf-dist/tex/latex/amsmath/amstext.sty
Package: amstext 2021/08/26 v2.01 AMS text
(c:/Users/Matthieu Verson/AppData/Roaming/TinyTeX/texmf-dist/tex/latex/amsmath/amsgen.sty
File: amsgen.sty 1999/11/30 v2.0 generic functions
\@emptytoks=\toks16
\ex@=\dimen139
)) (c:/Users/Matthieu Verson/AppData/Roaming/TinyTeX/texmf-dist/tex/latex/amsmath/amsbsy.sty
Package: amsbsy 1999/11/29 v1.2d Bold Symbols
\pmbraise@=\dimen140
) (c:/Users/Matthieu Verson/AppData/Roaming/TinyTeX/texmf-dist/tex/latex/amsmath/amsopn.sty
Package: amsopn 2022/04/08 v2.04 operator names
)
\inf@bad=\count193
LaTeX Info: Redefining \frac on input line 234.
\uproot@=\count194
\leftroot@=\count195
LaTeX Info: Redefining \overline on input line 399.
LaTeX Info: Redefining \colon on input line 410.
\classnum@=\count196
\DOTSCASE@=\count197
LaTeX Info: Redefining \ldots on input line 496.
LaTeX Info: Redefining \dots on input line 499.
LaTeX Info: Redefining \cdots on input line 620.
\Mathstrutbox@=\box51
\strutbox@=\box52
LaTeX Info: Redefining \big on input line 722.
LaTeX Info: Redefining \Big on input line 723.
LaTeX Info: Redefining \bigg on input line 724.
LaTeX Info: Redefining \Bigg on input line 725.
\big@size=\dimen141
LaTeX Font Info:    Redeclaring font encoding OML on input line 743.
LaTeX Font Info:    Redeclaring font encoding OMS on input line 744.
\macc@depth=\count198
LaTeX Info: Redefining \bmod on input line 905.
LaTeX Info: Redefining \pmod on input line 910.
LaTeX Info: Redefining \smash on input line 940.
LaTeX Info: Redefining \relbar on input line 970.
LaTeX Info: Redefining \Relbar on input line 971.
\c@MaxMatrixCols=\count199
\dotsspace@=\muskip16
\c@parentequation=\count266
\dspbrk@lvl=\count267
\tag@help=\toks17
\row@=\count268
\column@=\count269
\maxfields@=\count270
\andhelp@=\toks18
\eqnshift@=\dimen142
\alignsep@=\dimen143
\tagshift@=\dimen144
\tagwidth@=\dimen145
\totwidth@=\dimen146
\lineht@=\dimen147
\@envbody=\toks19
\multlinegap=\skip50
\multlinetaggap=\skip51
\mathdisplay@stack=\toks20
LaTeX Info: Redefining \[ on input line 2953.
LaTeX Info: Redefining \] on input line 2954.
) (c:/Users/Matthieu Verson/AppData/Roaming/TinyTeX/texmf-dist/tex/latex/amsfonts/amssymb.sty
Package: amssymb 2013/01/14 v3.01 AMS font symbols
(c:/Users/Matthieu Verson/AppData/Roaming/TinyTeX/texmf-dist/tex/latex/amsfonts/amsfonts.sty
Package: amsfonts 2013/01/14 v3.01 Basic AMSFonts support
\symAMSa=\mathgroup4
\symAMSb=\mathgroup5
LaTeX Font Info:    Redeclaring math symbol \hbar on input line 98.
LaTeX Font Info:    Overwriting math alphabet `\mathfrak' in version `bold'
(Font)                  U/euf/m/n --> U/euf/b/n on input line 106.
)) (c:/Users/Matthieu Verson/AppData/Roaming/TinyTeX/texmf-dist/tex/latex/lm/lmodern.sty
Package: lmodern 2015/05/01 v1.6.1 Latin Modern Fonts
LaTeX Font Info:    Overwriting symbol font `operators' in version `normal'
(Font)                  OT1/cmr/m/n --> OT1/lmr/m/n on input line 22.
LaTeX Font Info:    Overwriting symbol font `letters' in version `normal'
(Font)                  OML/cmm/m/it --> OML/lmm/m/it on input line 23.
LaTeX Font Info:    Overwriting symbol font `symbols' in version `normal'
(Font)                  OMS/cmsy/m/n --> OMS/lmsy/m/n on input line 24.
LaTeX Font Info:    Overwriting symbol font `largesymbols' in version `normal'
(Font)                  OMX/cmex/m/n --> OMX/lmex/m/n on input line 25.
LaTeX Font Info:    Overwriting symbol font `operators' in version `bold'
(Font)                  OT1/cmr/bx/n --> OT1/lmr/bx/n on input line 26.
LaTeX Font Info:    Overwriting symbol font `letters' in version `bold'
(Font)                  OML/cmm/b/it --> OML/lmm/b/it on input line 27.
LaTeX Font Info:    Overwriting symbol font `symbols' in version `bold'
(Font)                  OMS/cmsy/b/n --> OMS/lmsy/b/n on input line 28.
LaTeX Font Info:    Overwriting symbol font `largesymbols' in version `bold'
(Font)                  OMX/cmex/m/n --> OMX/lmex/m/n on input line 29.
LaTeX Font Info:    Overwriting math alphabet `\mathbf' in version `normal'
(Font)                  OT1/cmr/bx/n --> OT1/lmr/bx/n on input line 31.
LaTeX Font Info:    Overwriting math alphabet `\mathsf' in version `normal'
(Font)                  OT1/cmss/m/n --> OT1/lmss/m/n on input line 32.
LaTeX Font Info:    Overwriting math alphabet `\mathit' in version `normal'
(Font)                  OT1/cmr/m/it --> OT1/lmr/m/it on input line 33.
LaTeX Font Info:    Overwriting math alphabet `\mathtt' in version `normal'
(Font)                  OT1/cmtt/m/n --> OT1/lmtt/m/n on input line 34.
LaTeX Font Info:    Overwriting math alphabet `\mathbf' in version `bold'
(Font)                  OT1/cmr/bx/n --> OT1/lmr/bx/n on input line 35.
LaTeX Font Info:    Overwriting math alphabet `\mathsf' in version `bold'
(Font)                  OT1/cmss/bx/n --> OT1/lmss/bx/n on input line 36.
LaTeX Font Info:    Overwriting math alphabet `\mathit' in version `bold'
(Font)                  OT1/cmr/bx/it --> OT1/lmr/bx/it on input line 37.
LaTeX Font Info:    Overwriting math alphabet `\mathtt' in version `bold'
(Font)                  OT1/cmtt/m/n --> OT1/lmtt/m/n on input line 38.
) (c:/Users/Matthieu Verson/AppData/Roaming/TinyTeX/texmf-dist/tex/generic/iftex/iftex.sty
Package: iftex 2022/02/03 v1.0f TeX engine tests
) (c:/Users/Matthieu Verson/AppData/Roaming/TinyTeX/texmf-dist/tex/latex/base/fontenc.sty
Package: fontenc 2021/04/29 v2.0v Standard LaTeX package
LaTeX Font Info:    Trying to load font information for T1+lmr on input line 112.
(c:/Users/Matthieu Verson/AppData/Roaming/TinyTeX/texmf-dist/tex/latex/lm/t1lmr.fd
File: t1lmr.fd 2015/05/01 v1.6.1 Font defs for Latin Modern
)) (c:/Users/Matthieu Verson/AppData/Roaming/TinyTeX/texmf-dist/tex/latex/base/inputenc.sty
Package: inputenc 2021/02/14 v1.3d Input encoding file
\inpenc@prehook=\toks21
\inpenc@posthook=\toks22
) (c:/Users/Matthieu Verson/AppData/Roaming/TinyTeX/texmf-dist/tex/latex/base/textcomp.sty
Package: textcomp 2020/02/02 v2.0n Standard LaTeX package
) (c:/Users/Matthieu Verson/AppData/Roaming/TinyTeX/texmf-dist/tex/latex/xcolor/xcolor.sty
Package: xcolor 2022/06/12 v2.14 LaTeX color extensions (UK)
(c:/Users/Matthieu Verson/AppData/Roaming/TinyTeX/texmf-dist/tex/latex/graphics-cfg/color.cfg
File: color.cfg 2016/01/02 v1.6 sample color configuration
)
Package xcolor Info: Driver file: pdftex.def on input line 227.
(c:/Users/Matthieu Verson/AppData/Roaming/TinyTeX/texmf-dist/tex/latex/graphics-def/pdftex.def
File: pdftex.def 2020/10/05 v1.2a Graphics/color driver for pdftex
) (c:/Users/Matthieu Verson/AppData/Roaming/TinyTeX/texmf-dist/tex/latex/graphics/mathcolor.ltx)
Package xcolor Info: Model `cmy' substituted by `cmy0' on input line 1353.
Package xcolor Info: Model `hsb' substituted by `rgb' on input line 1357.
Package xcolor Info: Model `RGB' extended on input line 1369.
Package xcolor Info: Model `HTML' substituted by `rgb' on input line 1371.
Package xcolor Info: Model `Hsb' substituted by `hsb' on input line 1372.
Package xcolor Info: Model `tHsb' substituted by `hsb' on input line 1373.
Package xcolor Info: Model `HSB' substituted by `hsb' on input line 1374.
Package xcolor Info: Model `Gray' substituted by `gray' on input line 1375.
Package xcolor Info: Model `wave' substituted by `hsb' on input line 1376.
) (c:/Users/Matthieu Verson/AppData/Roaming/TinyTeX/texmf-dist/tex/latex/hyperref/hyperref.sty
Package: hyperref 2022-06-13 v7.00r Hypertext links for LaTeX
(c:/Users/Matthieu Verson/AppData/Roaming/TinyTeX/texmf-dist/tex/generic/ltxcmds/ltxcmds.sty
Package: ltxcmds 2020-05-10 v1.25 LaTeX kernel commands for general use (HO)
) (c:/Users/Matthieu Verson/AppData/Roaming/TinyTeX/texmf-dist/tex/generic/pdftexcmds/pdftexcmds.sty
Package: pdftexcmds 2020-06-27 v0.33 Utility functions of pdfTeX for LuaTeX (HO)
(c:/Users/Matthieu Verson/AppData/Roaming/TinyTeX/texmf-dist/tex/generic/infwarerr/infwarerr.sty
Package: infwarerr 2019/12/03 v1.5 Providing info/warning/error messages (HO)
)
Package pdftexcmds Info: \pdf@primitive is available.
Package pdftexcmds Info: \pdf@ifprimitive is available.
Package pdftexcmds Info: \pdfdraftmode found.
) (c:/Users/Matthieu Verson/AppData/Roaming/TinyTeX/texmf-dist/tex/latex/graphics/keyval.sty
Package: keyval 2022/05/29 v1.15 key=value parser (DPC)
\KV@toks@=\toks23
) (c:/Users/Matthieu Verson/AppData/Roaming/TinyTeX/texmf-dist/tex/generic/kvsetkeys/kvsetkeys.sty
Package: kvsetkeys 2019/12/15 v1.18 Key value parser (HO)
) (c:/Users/Matthieu Verson/AppData/Roaming/TinyTeX/texmf-dist/tex/generic/kvdefinekeys/kvdefinekeys.sty
Package: kvdefinekeys 2019-12-19 v1.6 Define keys (HO)
) (c:/Users/Matthieu Verson/AppData/Roaming/TinyTeX/texmf-dist/tex/generic/pdfescape/pdfescape.sty
Package: pdfescape 2019/12/09 v1.15 Implements pdfTeX's escape features (HO)
) (c:/Users/Matthieu Verson/AppData/Roaming/TinyTeX/texmf-dist/tex/latex/hycolor/hycolor.sty
Package: hycolor 2020-01-27 v1.10 Color options for hyperref/bookmark (HO)
) (c:/Users/Matthieu Verson/AppData/Roaming/TinyTeX/texmf-dist/tex/latex/letltxmacro/letltxmacro.sty
Package: letltxmacro 2019/12/03 v1.6 Let assignment for LaTeX macros (HO)
) (c:/Users/Matthieu Verson/AppData/Roaming/TinyTeX/texmf-dist/tex/latex/auxhook/auxhook.sty
Package: auxhook 2019-12-17 v1.6 Hooks for auxiliary files (HO)
) (c:/Users/Matthieu Verson/AppData/Roaming/TinyTeX/texmf-dist/tex/latex/hyperref/nameref.sty
Package: nameref 2022-05-17 v2.50 Cross-referencing by name of section
(c:/Users/Matthieu Verson/AppData/Roaming/TinyTeX/texmf-dist/tex/latex/refcount/refcount.sty
Package: refcount 2019/12/15 v3.6 Data extraction from label references (HO)
) (c:/Users/Matthieu Verson/AppData/Roaming/TinyTeX/texmf-dist/tex/generic/gettitlestring/gettitlestring.sty
Package: gettitlestring 2019/12/15 v1.6 Cleanup title references (HO)
(c:/Users/Matthieu Verson/AppData/Roaming/TinyTeX/texmf-dist/tex/latex/kvoptions/kvoptions.sty
Package: kvoptions 2022-06-15 v3.15 Key value format for package options (HO)
))
\c@section@level=\count271
)
\@linkdim=\dimen148
\Hy@linkcounter=\count272
\Hy@pagecounter=\count273
(c:/Users/Matthieu Verson/AppData/Roaming/TinyTeX/texmf-dist/tex/latex/hyperref/pd1enc.def
File: pd1enc.def 2022-06-13 v7.00r Hyperref: PDFDocEncoding definition (HO)
Now handling font encoding PD1 ...
... no UTF-8 mapping file for font encoding PD1
) (c:/Users/Matthieu Verson/AppData/Roaming/TinyTeX/texmf-dist/tex/generic/intcalc/intcalc.sty
Package: intcalc 2019/12/15 v1.3 Expandable calculations with integers (HO)
) (c:/Users/Matthieu Verson/AppData/Roaming/TinyTeX/texmf-dist/tex/generic/etexcmds/etexcmds.sty
Package: etexcmds 2019/12/15 v1.7 Avoid name clashes with e-TeX commands (HO)
)
\Hy@SavedSpaceFactor=\count274
(c:/Users/Matthieu Verson/AppData/Roaming/TinyTeX/texmf-dist/tex/latex/hyperref/puenc.def
File: puenc.def 2022-06-13 v7.00r Hyperref: PDF Unicode definition (HO)
Now handling font encoding PU ...
... no UTF-8 mapping file for font encoding PU
)
Package hyperref Info: Option `unicode' set `true' on input line 4020.
Package hyperref Info: Hyper figures OFF on input line 4139.
Package hyperref Info: Link nesting OFF on input line 4144.
Package hyperref Info: Hyper index ON on input line 4147.
Package hyperref Info: Plain pages OFF on input line 4154.
Package hyperref Info: Backreferencing OFF on input line 4159.
Package hyperref Info: Implicit mode ON; LaTeX internals redefined.
Package hyperref Info: Bookmarks ON on input line 4385.
\c@Hy@tempcnt=\count275
(c:/Users/Matthieu Verson/AppData/Roaming/TinyTeX/texmf-dist/tex/latex/url/url.sty
\Urlmuskip=\muskip17
Package: url 2013/09/16  ver 3.4  Verb mode for urls, etc.
)
LaTeX Info: Redefining \url on input line 4723.
\XeTeXLinkMargin=\dimen149
(c:/Users/Matthieu Verson/AppData/Roaming/TinyTeX/texmf-dist/tex/generic/bitset/bitset.sty
Package: bitset 2019/12/09 v1.3 Handle bit-vector datatype (HO)
(c:/Users/Matthieu Verson/AppData/Roaming/TinyTeX/texmf-dist/tex/generic/bigintcalc/bigintcalc.sty
Package: bigintcalc 2019/12/15 v1.5 Expandable calculations on big integers (HO)
))
\Fld@menulength=\count276
\Field@Width=\dimen150
\Fld@charsize=\dimen151
Package hyperref Info: Hyper figures OFF on input line 6001.
Package hyperref Info: Link nesting OFF on input line 6006.
Package hyperref Info: Hyper index ON on input line 6009.
Package hyperref Info: backreferencing OFF on input line 6016.
Package hyperref Info: Link coloring OFF on input line 6021.
Package hyperref Info: Link coloring with OCG OFF on input line 6026.
Package hyperref Info: PDF/A mode OFF on input line 6031.
(c:/Users/Matthieu Verson/AppData/Roaming/TinyTeX/texmf-dist/tex/latex/base/atbegshi-ltx.sty
Package: atbegshi-ltx 2021/01/10 v1.0c Emulation of the original atbegshi
package with kernel methods
)
\Hy@abspage=\count277
\c@Item=\count278
\c@Hfootnote=\count279
)
Package hyperref Info: Driver (autodetected): hpdftex.
(c:/Users/Matthieu Verson/AppData/Roaming/TinyTeX/texmf-dist/tex/latex/hyperref/hpdftex.def
File: hpdftex.def 2022-06-13 v7.00r Hyperref driver for pdfTeX
(c:/Users/Matthieu Verson/AppData/Roaming/TinyTeX/texmf-dist/tex/latex/base/atveryend-ltx.sty
Package: atveryend-ltx 2020/08/19 v1.0a Emulation of the original atveryend package
with kernel methods
)
\Fld@listcount=\count280
\c@bookmark@seq@number=\count281
(c:/Users/Matthieu Verson/AppData/Roaming/TinyTeX/texmf-dist/tex/latex/rerunfilecheck/rerunfilecheck.sty
Package: rerunfilecheck 2019/12/05 v1.9 Rerun checks for auxiliary files (HO)
(c:/Users/Matthieu Verson/AppData/Roaming/TinyTeX/texmf-dist/tex/generic/uniquecounter/uniquecounter.sty
Package: uniquecounter 2019/12/15 v1.4 Provide unlimited unique counter (HO)
)
Package uniquecounter Info: New unique counter `rerunfilecheck' on input line 286.
)
\Hy@SectionHShift=\skip52
) (c:/Users/Matthieu Verson/AppData/Roaming/TinyTeX/texmf-dist/tex/latex/geometry/geometry.sty
Package: geometry 2020/01/02 v5.9 Page Geometry
(c:/Users/Matthieu Verson/AppData/Roaming/TinyTeX/texmf-dist/tex/generic/iftex/ifvtex.sty
Package: ifvtex 2019/10/25 v1.7 ifvtex legacy package. Use iftex instead.
)
\Gm@cnth=\count282
\Gm@cntv=\count283
\c@Gm@tempcnt=\count284
\Gm@bindingoffset=\dimen152
\Gm@wd@mp=\dimen153
\Gm@odd@mp=\dimen154
\Gm@even@mp=\dimen155
\Gm@layoutwidth=\dimen156
\Gm@layoutheight=\dimen157
\Gm@layouthoffset=\dimen158
\Gm@layoutvoffset=\dimen159
\Gm@dimlist=\toks24
) (c:/Users/Matthieu Verson/AppData/Roaming/TinyTeX/texmf-dist/tex/latex/tools/longtable.sty
Package: longtable 2021-09-01 v4.17 Multi-page Table package (DPC)
\LTleft=\skip53
\LTright=\skip54
\LTpre=\skip55
\LTpost=\skip56
\LTchunksize=\count285
\LTcapwidth=\dimen160
\LT@head=\box53
\LT@firsthead=\box54
\LT@foot=\box55
\LT@lastfoot=\box56
\LT@gbox=\box57
\LT@cols=\count286
\LT@rows=\count287
\c@LT@tables=\count288
\c@LT@chunks=\count289
\LT@p@ftn=\toks25
) (c:/Users/Matthieu Verson/AppData/Roaming/TinyTeX/texmf-dist/tex/latex/booktabs/booktabs.sty
Package: booktabs 2020/01/12 v1.61803398 Publication quality tables
\heavyrulewidth=\dimen161
\lightrulewidth=\dimen162
\cmidrulewidth=\dimen163
\belowrulesep=\dimen164
\belowbottomsep=\dimen165
\aboverulesep=\dimen166
\abovetopsep=\dimen167
\cmidrulesep=\dimen168
\cmidrulekern=\dimen169
\defaultaddspace=\dimen170
\@cmidla=\count290
\@cmidlb=\count291
\@aboverulesep=\dimen171
\@belowrulesep=\dimen172
\@thisruleclass=\count292
\@lastruleclass=\count293
\@thisrulewidth=\dimen173
) (c:/Users/Matthieu Verson/AppData/Roaming/TinyTeX/texmf-dist/tex/latex/tools/array.sty
Package: array 2022/03/10 v2.5f Tabular extension package (FMi)
\col@sep=\dimen174
\ar@mcellbox=\box58
\extrarowheight=\dimen175
\NC@list=\toks26
\extratabsurround=\skip57
\backup@length=\skip58
\ar@cellbox=\box59
) (c:/Users/Matthieu Verson/AppData/Roaming/TinyTeX/texmf-dist/tex/latex/tools/calc.sty
Package: calc 2017/05/25 v4.3 Infix arithmetic (KKT,FJ)
\calc@Acount=\count294
\calc@Bcount=\count295
\calc@Adimen=\dimen176
\calc@Bdimen=\dimen177
\calc@Askip=\skip59
\calc@Bskip=\skip60
LaTeX Info: Redefining \setlength on input line 80.
LaTeX Info: Redefining \addtolength on input line 81.
\calc@Ccount=\count296
\calc@Cskip=\skip61
) (c:/Users/Matthieu Verson/AppData/Roaming/TinyTeX/texmf-dist/tex/latex/etoolbox/etoolbox.sty
Package: etoolbox 2020/10/05 v2.5k e-TeX tools for LaTeX (JAW)
\etb@tempcnta=\count297
) (c:/Users/Matthieu Verson/AppData/Roaming/TinyTeX/texmf-dist/tex/latex/mdwtools/footnote.sty
Package: footnote 1997/01/28 1.13 Save footnotes around boxes
\fn@notes=\box60
\fn@width=\dimen178
) (c:/Users/Matthieu Verson/AppData/Roaming/TinyTeX/texmf-dist/tex/latex/graphics/graphicx.sty
Package: graphicx 2021/09/16 v1.2d Enhanced LaTeX Graphics (DPC,SPQR)
(c:/Users/Matthieu Verson/AppData/Roaming/TinyTeX/texmf-dist/tex/latex/graphics/graphics.sty
Package: graphics 2022/03/10 v1.4e Standard LaTeX Graphics (DPC,SPQR)
(c:/Users/Matthieu Verson/AppData/Roaming/TinyTeX/texmf-dist/tex/latex/graphics/trig.sty
Package: trig 2021/08/11 v1.11 sin cos tan (DPC)
) (c:/Users/Matthieu Verson/AppData/Roaming/TinyTeX/texmf-dist/tex/latex/graphics-cfg/graphics.cfg
File: graphics.cfg 2016/06/04 v1.11 sample graphics configuration
)
Package graphics Info: Driver file: pdftex.def on input line 107.
)
\Gin@req@height=\dimen179
\Gin@req@width=\dimen180
) (c:/Users/Matthieu Verson/AppData/Roaming/TinyTeX/texmf-dist/tex/latex/l3backend/l3backend-pdftex.def
File: l3backend-pdftex.def 2022-04-20 L3 backend support: PDF output (pdfTeX)
\l__color_backend_stack_int=\count298
\l__pdf_internal_box=\box61
) (./SAFE_snow_crab_TV_natural_mortality.aux

LaTeX Warning: Label `cpue_2' multiply defined.


LaTeX Warning: Label `cpue_2' multiply defined.


LaTeX Warning: Label `cpue_2' multiply defined.


LaTeX Warning: Label `cpue_2' multiply defined.

)
\openout1 = `SAFE_snow_crab_TV_natural_mortality.aux'.

LaTeX Font Info:    Checking defaults for OML/cmm/m/it on input line 82.
LaTeX Font Info:    ... okay on input line 82.
LaTeX Font Info:    Checking defaults for OMS/cmsy/m/n on input line 82.
LaTeX Font Info:    ... okay on input line 82.
LaTeX Font Info:    Checking defaults for OT1/cmr/m/n on input line 82.
LaTeX Font Info:    ... okay on input line 82.
LaTeX Font Info:    Checking defaults for T1/cmr/m/n on input line 82.
LaTeX Font Info:    ... okay on input line 82.
LaTeX Font Info:    Checking defaults for TS1/cmr/m/n on input line 82.
LaTeX Font Info:    ... okay on input line 82.
LaTeX Font Info:    Checking defaults for OMX/cmex/m/n on input line 82.
LaTeX Font Info:    ... okay on input line 82.
LaTeX Font Info:    Checking defaults for U/cmr/m/n on input line 82.
LaTeX Font Info:    ... okay on input line 82.
LaTeX Font Info:    Checking defaults for PD1/pdf/m/n on input line 82.
LaTeX Font Info:    ... okay on input line 82.
LaTeX Font Info:    Checking defaults for PU/pdf/m/n on input line 82.
LaTeX Font Info:    ... okay on input line 82.
(c:/Users/Matthieu Verson/AppData/Roaming/TinyTeX/texmf-dist/tex/latex/epstopdf-pkg/epstopdf-base.sty
Package: epstopdf-base 2020-01-24 v2.11 Base part for package epstopdf
Package epstopdf-base Info: Redefining graphics rule for `.eps' on input line 485.
(c:/Users/Matthieu Verson/AppData/Roaming/TinyTeX/texmf-dist/tex/latex/latexconfig/epstopdf-sys.cfg
File: epstopdf-sys.cfg 2010/07/13 v1.3 Configuration of (r)epstopdf for TeX Live
))
Package hyperref Info: Link coloring OFF on input line 82.
(./SAFE_snow_crab_TV_natural_mortality.out) (./SAFE_snow_crab_TV_natural_mortality.out)
\@outlinefile=\write3
\openout3 = `SAFE_snow_crab_TV_natural_mortality.out'.

*geometry* driver: auto-detecting
*geometry* detected driver: pdftex
*geometry* verbose mode - [ preamble ] result:
* driver: pdftex
* paper: <default>
* layout: <same size as paper>
* layoutoffset:(h,v)=(0.0pt,0.0pt)
* modes: 
* h-part:(L,W,R)=(72.26999pt, 469.75502pt, 72.26999pt)
* v-part:(T,H,B)=(72.26999pt, 650.43001pt, 72.26999pt)
* \paperwidth=614.295pt
* \paperheight=794.96999pt
* \textwidth=469.75502pt
* \textheight=650.43001pt
* \oddsidemargin=0.0pt
* \evensidemargin=0.0pt
* \topmargin=-37.0pt
* \headheight=12.0pt
* \headsep=25.0pt
* \topskip=10.0pt
* \footskip=30.0pt
* \marginparwidth=65.0pt
* \marginparsep=11.0pt
* \columnsep=10.0pt
* \skip\footins=9.0pt plus 4.0pt minus 2.0pt
* \hoffset=0.0pt
* \voffset=0.0pt
* \mag=1000
* \@twocolumnfalse
* \@twosidefalse
* \@mparswitchfalse
* \@reversemarginfalse
* (1in=72.27pt=25.4mm, 1cm=28.453pt)

LaTeX Font Info:    Trying to load font information for OT1+lmr on input line 84.
(c:/Users/Matthieu Verson/AppData/Roaming/TinyTeX/texmf-dist/tex/latex/lm/ot1lmr.fd
File: ot1lmr.fd 2015/05/01 v1.6.1 Font defs for Latin Modern
)
LaTeX Font Info:    Trying to load font information for OML+lmm on input line 84.
(c:/Users/Matthieu Verson/AppData/Roaming/TinyTeX/texmf-dist/tex/latex/lm/omllmm.fd
File: omllmm.fd 2015/05/01 v1.6.1 Font defs for Latin Modern
)
LaTeX Font Info:    Trying to load font information for OMS+lmsy on input line 84.
(c:/Users/Matthieu Verson/AppData/Roaming/TinyTeX/texmf-dist/tex/latex/lm/omslmsy.fd
File: omslmsy.fd 2015/05/01 v1.6.1 Font defs for Latin Modern
)
LaTeX Font Info:    Trying to load font information for OMX+lmex on input line 84.
(c:/Users/Matthieu Verson/AppData/Roaming/TinyTeX/texmf-dist/tex/latex/lm/omxlmex.fd
File: omxlmex.fd 2015/05/01 v1.6.1 Font defs for Latin Modern
)
LaTeX Font Info:    External font `lmex10' loaded for size
(Font)              <12> on input line 84.
LaTeX Font Info:    External font `lmex10' loaded for size
(Font)              <8> on input line 84.
LaTeX Font Info:    External font `lmex10' loaded for size
(Font)              <6> on input line 84.
LaTeX Font Info:    Trying to load font information for U+msa on input line 84.
(c:/Users/Matthieu Verson/AppData/Roaming/TinyTeX/texmf-dist/tex/latex/amsfonts/umsa.fd
File: umsa.fd 2013/01/14 v3.01 AMS symbols A
)
LaTeX Font Info:    Trying to load font information for U+msb on input line 84.
(c:/Users/Matthieu Verson/AppData/Roaming/TinyTeX/texmf-dist/tex/latex/amsfonts/umsb.fd
File: umsb.fd 2013/01/14 v3.01 AMS symbols B
) (./SAFE_snow_crab_TV_natural_mortality.toc
LaTeX Font Info:    External font `lmex10' loaded for size
(Font)              <10> on input line 4.
LaTeX Font Info:    External font `lmex10' loaded for size
(Font)              <7> on input line 4.
LaTeX Font Info:    External font `lmex10' loaded for size
(Font)              <5> on input line 4.
[1

{c:/Users/Matthieu Verson/AppData/Roaming/TinyTeX/texmf-var/fonts/map/pdftex/updmap/pdftex.map}])
\tf@toc=\write4
\openout4 = `SAFE_snow_crab_TV_natural_mortality.toc'.


pdfTeX warning (ext4): destination with the same identifier (name{page.}) has been already used, duplicate ignored
<to be read again> 
                   \relax 
l.89 \newpage
              [2]
pdfTeX warning (ext4): destination with the same identifier (name{page.}) has been already used, duplicate ignored
<to be read again> 
                   \relax 
l.105 \newpage
               [3]
pdfTeX warning (ext4): destination with the same identifier (name{page.}) has been already used, duplicate ignored
<to be read again> 
                   \relax 
l.120 \newpage
               [4]
pdfTeX warning (ext4): destination with the same identifier (name{page.}) has been already used, duplicate ignored
<to be read again> 
                   \relax 
l.187 \newpage
               [5]
pdfTeX warning (ext4): destination with the same identifier (name{page.}) has been already used, duplicate ignored
<to be read again> 
                   \relax 
l.240 \newpage
               [6]
pdfTeX warning (ext4): destination with the same identifier (name{page.}) has been already used, duplicate ignored
<to be read again> 
                   \relax 
l.272 \newpage
               [7]
pdfTeX warning (ext4): destination with the same identifier (name{page.}) has been already used, duplicate ignored
<to be read again> 
                   \relax 
l.292 \newpage
               [8]
<SAFE_snow_crab_TV_natural_mortality_files/figure-latex/unnamed-chunk-6-1.pdf, id=287, 614.295pt x 505.89pt>
File: SAFE_snow_crab_TV_natural_mortality_files/figure-latex/unnamed-chunk-6-1.pdf Graphic file (type pdf)
<use SAFE_snow_crab_TV_natural_mortality_files/figure-latex/unnamed-chunk-6-1.pdf>
Package pdftex.def Info: SAFE_snow_crab_TV_natural_mortality_files/figure-latex/unnamed-chunk-6-1.pdf  used on input line 296.
(pdftex.def)             Requested size: 469.75604pt x 386.85791pt.

pdfTeX warning (ext4): destination with the same identifier (name{page.}) has been already used, duplicate ignored
<to be read again> 
                   \relax 
l.300 \newpage
               [9 <./SAFE_snow_crab_TV_natural_mortality_files/figure-latex/unnamed-chunk-6-1.pdf>]
<SAFE_snow_crab_TV_natural_mortality_files/figure-latex/unnamed-chunk-7-1.pdf, id=297, 614.295pt x 505.89pt>
File: SAFE_snow_crab_TV_natural_mortality_files/figure-latex/unnamed-chunk-7-1.pdf Graphic file (type pdf)
<use SAFE_snow_crab_TV_natural_mortality_files/figure-latex/unnamed-chunk-7-1.pdf>
Package pdftex.def Info: SAFE_snow_crab_TV_natural_mortality_files/figure-latex/unnamed-chunk-7-1.pdf  used on input line 304.
(pdftex.def)             Requested size: 469.75604pt x 386.85791pt.

pdfTeX warning (ext4): destination with the same identifier (name{page.}) has been already used, duplicate ignored
<to be read again> 
                   \relax 
l.308 \newpage
               [10 <./SAFE_snow_crab_TV_natural_mortality_files/figure-latex/unnamed-chunk-7-1.pdf>]
<SAFE_snow_crab_TV_natural_mortality_files/figure-latex/unnamed-chunk-8-1.pdf, id=307, 614.295pt x 505.89pt>
File: SAFE_snow_crab_TV_natural_mortality_files/figure-latex/unnamed-chunk-8-1.pdf Graphic file (type pdf)
<use SAFE_snow_crab_TV_natural_mortality_files/figure-latex/unnamed-chunk-8-1.pdf>
Package pdftex.def Info: SAFE_snow_crab_TV_natural_mortality_files/figure-latex/unnamed-chunk-8-1.pdf  used on input line 312.
(pdftex.def)             Requested size: 469.75604pt x 386.85791pt.

pdfTeX warning (ext4): destination with the same identifier (name{page.}) has been already used, duplicate ignored
<to be read again> 
                   \relax 
l.316 \newpage
               [11 <./SAFE_snow_crab_TV_natural_mortality_files/figure-latex/unnamed-chunk-8-1.pdf>]
<SAFE_snow_crab_TV_natural_mortality_files/figure-latex/unnamed-chunk-9-1.pdf, id=317, 614.295pt x 505.89pt>
File: SAFE_snow_crab_TV_natural_mortality_files/figure-latex/unnamed-chunk-9-1.pdf Graphic file (type pdf)
<use SAFE_snow_crab_TV_natural_mortality_files/figure-latex/unnamed-chunk-9-1.pdf>
Package pdftex.def Info: SAFE_snow_crab_TV_natural_mortality_files/figure-latex/unnamed-chunk-9-1.pdf  used on input line 320.
(pdftex.def)             Requested size: 469.75604pt x 386.85791pt.

pdfTeX warning (ext4): destination with the same identifier (name{page.}) has been already used, duplicate ignored
<to be read again> 
                   \relax 
l.324 \newpage
               [12 <./SAFE_snow_crab_TV_natural_mortality_files/figure-latex/unnamed-chunk-9-1.pdf>]
<SAFE_snow_crab_TV_natural_mortality_files/figure-latex/unnamed-chunk-10-1.pdf, id=327, 614.295pt x 505.89pt>
File: SAFE_snow_crab_TV_natural_mortality_files/figure-latex/unnamed-chunk-10-1.pdf Graphic file (type pdf)
<use SAFE_snow_crab_TV_natural_mortality_files/figure-latex/unnamed-chunk-10-1.pdf>
Package pdftex.def Info: SAFE_snow_crab_TV_natural_mortality_files/figure-latex/unnamed-chunk-10-1.pdf  used on input line 328.
(pdftex.def)             Requested size: 469.75604pt x 386.85791pt.

pdfTeX warning (ext4): destination with the same identifier (name{page.}) has been already used, duplicate ignored
<to be read again> 
                   \relax 
l.332 \newpage
               [13 <./SAFE_snow_crab_TV_natural_mortality_files/figure-latex/unnamed-chunk-10-1.pdf>]
<SAFE_snow_crab_TV_natural_mortality_files/figure-latex/unnamed-chunk-11-1.pdf, id=338, 614.295pt x 505.89pt>
File: SAFE_snow_crab_TV_natural_mortality_files/figure-latex/unnamed-chunk-11-1.pdf Graphic file (type pdf)
<use SAFE_snow_crab_TV_natural_mortality_files/figure-latex/unnamed-chunk-11-1.pdf>
Package pdftex.def Info: SAFE_snow_crab_TV_natural_mortality_files/figure-latex/unnamed-chunk-11-1.pdf  used on input line 336.
(pdftex.def)             Requested size: 469.75604pt x 386.85791pt.

pdfTeX warning (ext4): destination with the same identifier (name{page.}) has been already used, duplicate ignored
<to be read again> 
                   \relax 
l.340 \newpage
               [14 <./SAFE_snow_crab_TV_natural_mortality_files/figure-latex/unnamed-chunk-11-1.pdf>]
<SAFE_snow_crab_TV_natural_mortality_files/figure-latex/unnamed-chunk-12-1.pdf, id=348, 614.295pt x 505.89pt>
File: SAFE_snow_crab_TV_natural_mortality_files/figure-latex/unnamed-chunk-12-1.pdf Graphic file (type pdf)
<use SAFE_snow_crab_TV_natural_mortality_files/figure-latex/unnamed-chunk-12-1.pdf>
Package pdftex.def Info: SAFE_snow_crab_TV_natural_mortality_files/figure-latex/unnamed-chunk-12-1.pdf  used on input line 344.
(pdftex.def)             Requested size: 469.75604pt x 386.85791pt.

pdfTeX warning (ext4): destination with the same identifier (name{page.}) has been already used, duplicate ignored
<to be read again> 
                   \relax 
l.348 \newpage
               [15 <./SAFE_snow_crab_TV_natural_mortality_files/figure-latex/unnamed-chunk-12-1.pdf>]
<SAFE_snow_crab_TV_natural_mortality_files/figure-latex/unnamed-chunk-47-1.pdf, id=363, 614.295pt x 505.89pt>
File: SAFE_snow_crab_TV_natural_mortality_files/figure-latex/unnamed-chunk-47-1.pdf Graphic file (type pdf)
<use SAFE_snow_crab_TV_natural_mortality_files/figure-latex/unnamed-chunk-47-1.pdf>
Package pdftex.def Info: SAFE_snow_crab_TV_natural_mortality_files/figure-latex/unnamed-chunk-47-1.pdf  used on input line 420.
(pdftex.def)             Requested size: 469.75604pt x 386.85791pt.

pdfTeX warning (ext4): destination with the same identifier (name{page.}) has been already used, duplicate ignored
<to be read again> 
                   \relax 
l.424 \newpage
               [16 <./SAFE_snow_crab_TV_natural_mortality_files/figure-latex/unnamed-chunk-47-1.pdf>]
<SAFE_snow_crab_TV_natural_mortality_files/figure-latex/unnamed-chunk-48-1.pdf, id=373, 614.295pt x 505.89pt>
File: SAFE_snow_crab_TV_natural_mortality_files/figure-latex/unnamed-chunk-48-1.pdf Graphic file (type pdf)
<use SAFE_snow_crab_TV_natural_mortality_files/figure-latex/unnamed-chunk-48-1.pdf>
Package pdftex.def Info: SAFE_snow_crab_TV_natural_mortality_files/figure-latex/unnamed-chunk-48-1.pdf  used on input line 428.
(pdftex.def)             Requested size: 469.75604pt x 386.85791pt.

pdfTeX warning (ext4): destination with the same identifier (name{page.}) has been already used, duplicate ignored
<to be read again> 
                   \relax 
l.432 \newpage
               [17 <./SAFE_snow_crab_TV_natural_mortality_files/figure-latex/unnamed-chunk-48-1.pdf>]
<SAFE_snow_crab_TV_natural_mortality_files/figure-latex/unnamed-chunk-49-1.pdf, id=383, 614.295pt x 505.89pt>
File: SAFE_snow_crab_TV_natural_mortality_files/figure-latex/unnamed-chunk-49-1.pdf Graphic file (type pdf)
<use SAFE_snow_crab_TV_natural_mortality_files/figure-latex/unnamed-chunk-49-1.pdf>
Package pdftex.def Info: SAFE_snow_crab_TV_natural_mortality_files/figure-latex/unnamed-chunk-49-1.pdf  used on input line 436.
(pdftex.def)             Requested size: 469.75604pt x 386.85791pt.

pdfTeX warning (ext4): destination with the same identifier (name{page.}) has been already used, duplicate ignored
<to be read again> 
                   \relax 
l.440 \newpage
               [18 <./SAFE_snow_crab_TV_natural_mortality_files/figure-latex/unnamed-chunk-49-1.pdf>]
<SAFE_snow_crab_TV_natural_mortality_files/figure-latex/unnamed-chunk-50-1.pdf, id=394, 614.295pt x 505.89pt>
File: SAFE_snow_crab_TV_natural_mortality_files/figure-latex/unnamed-chunk-50-1.pdf Graphic file (type pdf)
<use SAFE_snow_crab_TV_natural_mortality_files/figure-latex/unnamed-chunk-50-1.pdf>
Package pdftex.def Info: SAFE_snow_crab_TV_natural_mortality_files/figure-latex/unnamed-chunk-50-1.pdf  used on input line 444.
(pdftex.def)             Requested size: 469.75604pt x 386.85791pt.

pdfTeX warning (ext4): destination with the same identifier (name{page.}) has been already used, duplicate ignored
<to be read again> 
                   \relax 
l.448 \newpage
               [19 <./SAFE_snow_crab_TV_natural_mortality_files/figure-latex/unnamed-chunk-50-1.pdf>]
<SAFE_snow_crab_TV_natural_mortality_files/figure-latex/unnamed-chunk-51-1.pdf, id=405, 614.295pt x 505.89pt>
File: SAFE_snow_crab_TV_natural_mortality_files/figure-latex/unnamed-chunk-51-1.pdf Graphic file (type pdf)
<use SAFE_snow_crab_TV_natural_mortality_files/figure-latex/unnamed-chunk-51-1.pdf>
Package pdftex.def Info: SAFE_snow_crab_TV_natural_mortality_files/figure-latex/unnamed-chunk-51-1.pdf  used on input line 452.
(pdftex.def)             Requested size: 469.75604pt x 386.85791pt.

pdfTeX warning (ext4): destination with the same identifier (name{page.}) has been already used, duplicate ignored
<to be read again> 
                   \relax 
l.456 \newpage
               [20 <./SAFE_snow_crab_TV_natural_mortality_files/figure-latex/unnamed-chunk-51-1.pdf>]
<SAFE_snow_crab_TV_natural_mortality_files/figure-latex/unnamed-chunk-52-1.pdf, id=415, 614.295pt x 505.89pt>
File: SAFE_snow_crab_TV_natural_mortality_files/figure-latex/unnamed-chunk-52-1.pdf Graphic file (type pdf)
<use SAFE_snow_crab_TV_natural_mortality_files/figure-latex/unnamed-chunk-52-1.pdf>
Package pdftex.def Info: SAFE_snow_crab_TV_natural_mortality_files/figure-latex/unnamed-chunk-52-1.pdf  used on input line 460.
(pdftex.def)             Requested size: 469.75604pt x 386.85791pt.

pdfTeX warning (ext4): destination with the same identifier (name{page.}) has been already used, duplicate ignored
<to be read again> 
                   \relax 
l.464 \newpage
               [21 <./SAFE_snow_crab_TV_natural_mortality_files/figure-latex/unnamed-chunk-52-1.pdf>]
<SAFE_snow_crab_TV_natural_mortality_files/figure-latex/unnamed-chunk-53-1.pdf, id=428, 614.295pt x 505.89pt>
File: SAFE_snow_crab_TV_natural_mortality_files/figure-latex/unnamed-chunk-53-1.pdf Graphic file (type pdf)
<use SAFE_snow_crab_TV_natural_mortality_files/figure-latex/unnamed-chunk-53-1.pdf>
Package pdftex.def Info: SAFE_snow_crab_TV_natural_mortality_files/figure-latex/unnamed-chunk-53-1.pdf  used on input line 468.
(pdftex.def)             Requested size: 469.75604pt x 386.85791pt.

pdfTeX warning (ext4): destination with the same identifier (name{page.}) has been already used, duplicate ignored
<to be read again> 
                   \relax 
l.472 \newpage
               [22 <./SAFE_snow_crab_TV_natural_mortality_files/figure-latex/unnamed-chunk-53-1.pdf>]
<SAFE_snow_crab_TV_natural_mortality_files/figure-latex/unnamed-chunk-54-1.pdf, id=438, 614.295pt x 505.89pt>
File: SAFE_snow_crab_TV_natural_mortality_files/figure-latex/unnamed-chunk-54-1.pdf Graphic file (type pdf)
<use SAFE_snow_crab_TV_natural_mortality_files/figure-latex/unnamed-chunk-54-1.pdf>
Package pdftex.def Info: SAFE_snow_crab_TV_natural_mortality_files/figure-latex/unnamed-chunk-54-1.pdf  used on input line 476.
(pdftex.def)             Requested size: 469.75604pt x 386.85791pt.

pdfTeX warning (ext4): destination with the same identifier (name{page.}) has been already used, duplicate ignored
<to be read again> 
                   \relax 
l.480 \end{document}
                     [23 <./SAFE_snow_crab_TV_natural_mortality_files/figure-latex/unnamed-chunk-54-1.pdf>] (./SAFE_snow_crab_TV_natural_mortality.aux)

LaTeX Warning: There were multiply-defined labels.

Package rerunfilecheck Info: File `SAFE_snow_crab_TV_natural_mortality.out' has not changed.
(rerunfilecheck)             Checksum: 0AC8DCCCD96CB262AE012755D1F63A30;6551.
 ) 
Here is how much of TeX's memory you used:
 11454 strings out of 479998
 188245 string characters out of 5886302
 478779 words of memory out of 5000000
 29326 multiletter control sequences out of 15000+600000
 518815 words of font info for 67 fonts, out of 8000000 for 9000
 14 hyphenation exceptions out of 8191
 72i,6n,77p,409b,498s stack positions out of 10000i,1000n,20000p,200000b,200000s
{c:/Users/Matthieu Verson/AppData/Roaming/TinyTeX/texmf-dist/fonts/enc/dvips/lm/lm-ec.enc}<c:/Users/Matthieu Verson/AppData/Roaming/TinyTeX/texmf-dist/fonts/type1/public/lm/lmbx10.pfb><c:/Users/Matthieu Verson/AppData/Roaming/TinyTeX/texmf-dist/fonts/type1/public/lm/lmbx12.pfb><c:/Users/Matthieu Verson/AppData/Roaming/TinyTeX/texmf-dist/fonts/type1/public/lm/lmbxi10.pfb><c:/Users/Matthieu Verson/AppData/Roaming/TinyTeX/texmf-dist/fonts/type1/public/lm/lmr10.pfb><c:/Users/Matthieu Verson/AppData/Roaming/TinyTeX/texmf-dist/fonts/type1/public/lm/lmr12.pfb><c:/Users/Matthieu Verson/AppData/Roaming/TinyTeX/texmf-dist/fonts/type1/public/lm/lmr17.pfb>
Output written on SAFE_snow_crab_TV_natural_mortality.pdf (23 pages, 293886 bytes).
PDF statistics:
 503 PDF objects out of 1000 (max. 8388607)
 431 compressed objects within 5 object streams
 109 named destinations out of 1000 (max. 500000)
 388 words of extra memory for PDF output out of 10000 (max. 10000000)

